<?xml version="1.0" encoding="UTF-8"?>
<!-- Generated by org.testng.reporters.JUnitXMLReporter -->
<testsuite ignored="0" hostname="LAPTOP-G84C2PVB" failures="0" tests="3" name="Default test" time="19.21" errors="0" timestamp="2022-11-25T16:48:59 IST">
  <testcase classname="com.testers.tests.omayoHomeTests" name="JSText" time="0.076"/>
  <testcase classname="com.testers.tests.omayoHomeTests" name="omayoTest1" time="0.219"/>
  <testcase classname="com.testers.tests.omayoHomeTests" name="omayoTest2" time="6.049"/>
</testsuite> <!-- Default test -->
