<?xml version="1.0" encoding="UTF-8"?>
<!-- Generated by org.testng.reporters.JUnitXMLReporter -->
<testsuite ignored="0" hostname="LAPTOP-G84C2PVB" failures="0" tests="3" name="Test" time="21.462" errors="0" timestamp="2022-11-29T16:32:10 IST">
  <testcase classname="com.testers.tests.omayoHomeTests" name="JSText" time="0.083"/>
  <testcase classname="com.testers.tests.omayoHomeTests" name="omayoTest1" time="0.226"/>
  <testcase classname="com.testers.tests.omayoHomeTests" name="omayoTest2" time="6.063"/>
</testsuite> <!-- Test -->
