<?xml version="1.0" encoding="UTF-8"?>
<testng-results ignored="0" total="3" passed="3" failed="0" skipped="0">
  <reporter-output>
  </reporter-output>
  <suite started-at="2022-11-29T16:31:48 IST" name="Suite" finished-at="2022-11-29T16:32:10 IST" duration-ms="21462">
    <groups>
    </groups>
    <test started-at="2022-11-29T16:31:48 IST" name="Test" finished-at="2022-11-29T16:32:10 IST" duration-ms="21462">
      <class name="com.testers.tests.omayoHomeTests">
        <test-method is-config="true" signature="setUP()[pri:0, instance:com.testers.tests.omayoHomeTests@56f6d40b]" started-at="2022-11-29T16:31:48 IST" name="setUP" finished-at="2022-11-29T16:31:54 IST" duration-ms="5552" status="PASS">
          <reporter-output>
          </reporter-output>
        </test-method> <!-- setUP -->
        <test-method signature="JSText()[pri:0, instance:com.testers.tests.omayoHomeTests@56f6d40b]" started-at="2022-11-29T16:31:54 IST" name="JSText" finished-at="2022-11-29T16:31:54 IST" duration-ms="83" status="PASS">
          <reporter-output>
          </reporter-output>
        </test-method> <!-- JSText -->
        <test-method is-config="true" signature="tearDown()[pri:0, instance:com.testers.tests.omayoHomeTests@56f6d40b]" started-at="2022-11-29T16:31:54 IST" name="tearDown" finished-at="2022-11-29T16:31:54 IST" duration-ms="1" status="PASS">
          <reporter-output>
          </reporter-output>
        </test-method> <!-- tearDown -->
        <test-method is-config="true" signature="setUP()[pri:0, instance:com.testers.tests.omayoHomeTests@56f6d40b]" started-at="2022-11-29T16:31:54 IST" name="setUP" finished-at="2022-11-29T16:31:58 IST" duration-ms="4177" status="PASS">
          <reporter-output>
          </reporter-output>
        </test-method> <!-- setUP -->
        <test-method signature="omayoTest1()[pri:0, instance:com.testers.tests.omayoHomeTests@56f6d40b]" started-at="2022-11-29T16:31:58 IST" name="omayoTest1" finished-at="2022-11-29T16:31:58 IST" duration-ms="226" status="PASS">
          <reporter-output>
          </reporter-output>
        </test-method> <!-- omayoTest1 -->
        <test-method is-config="true" signature="tearDown()[pri:0, instance:com.testers.tests.omayoHomeTests@56f6d40b]" started-at="2022-11-29T16:31:58 IST" name="tearDown" finished-at="2022-11-29T16:31:58 IST" duration-ms="1" status="PASS">
          <reporter-output>
          </reporter-output>
        </test-method> <!-- tearDown -->
        <test-method is-config="true" signature="setUP()[pri:0, instance:com.testers.tests.omayoHomeTests@56f6d40b]" started-at="2022-11-29T16:31:58 IST" name="setUP" finished-at="2022-11-29T16:32:04 IST" duration-ms="5323" status="PASS">
          <reporter-output>
          </reporter-output>
        </test-method> <!-- setUP -->
        <test-method signature="omayoTest2()[pri:0, instance:com.testers.tests.omayoHomeTests@56f6d40b]" started-at="2022-11-29T16:32:04 IST" name="omayoTest2" finished-at="2022-11-29T16:32:10 IST" duration-ms="6063" status="PASS">
          <reporter-output>
          </reporter-output>
        </test-method> <!-- omayoTest2 -->
        <test-method is-config="true" signature="tearDown()[pri:0, instance:com.testers.tests.omayoHomeTests@56f6d40b]" started-at="2022-11-29T16:32:10 IST" name="tearDown" finished-at="2022-11-29T16:32:10 IST" duration-ms="0" status="PASS">
          <reporter-output>
          </reporter-output>
        </test-method> <!-- tearDown -->
      </class> <!-- com.testers.tests.omayoHomeTests -->
    </test> <!-- Test -->
  </suite> <!-- Suite -->
</testng-results>
